INFO  Create new analysis - org.leibnizcenter.pneu.animation.monolithic.NetOrchestration
INFO  Create new analysis - org.leibnizcenter.pneu.animation.monolithic.NetOrchestration
INFO  Create new analysis - org.leibnizcenter.pneu.animation.monolithic.NetOrchestration
INFO  Exploration finished - org.leibnizcenter.pneu.animation.monolithic.analysis.Analysis
INFO  Create new analysis - org.leibnizcenter.pneu.animation.monolithic.NetOrchestration
INFO  Exploration finished - org.leibnizcenter.pneu.animation.monolithic.analysis.Analysis
INFO  Create new analysis - org.leibnizcenter.pneu.animation.monolithic.NetOrchestration
INFO  Exploration finished - org.leibnizcenter.pneu.animation.monolithic.analysis.Analysis
INFO  Create new analysis - org.leibnizcenter.pneu.animation.monolithic.NetOrchestration
INFO  Exploration finished - org.leibnizcenter.pneu.animation.monolithic.analysis.Analysis
INFO  Create new analysis - org.leibnizcenter.pneu.animation.monolithic.NetOrchestration
INFO  Exploration finished - org.leibnizcenter.pneu.animation.monolithic.analysis.Analysis
INFO  Create new analysis - org.leibnizcenter.pneu.animation.monolithic.NetOrchestration
INFO  Exploration finished - org.leibnizcenter.pneu.animation.monolithic.analysis.Analysis
TRACE findNext. visited: [], connections: [[0, 1] tr1 -> pl1 [1, 1], [1, 1] pl1 -> tr5 [1, 0]], node: [0, 1] tr1 -> pl1 [1, 1], remember: [] - org.leibnizcenter.pneu.comparison.Connection
TRACE findNext. visited: [], connections: [[0, 1] tr1 -> pl1 [1, 2], [1, 2] pl1 -> tr5 [1, 0], [1, 2] pl1 -> tr6 [1, 0]], node: [0, 1] tr1 -> pl1 [1, 2], remember: [] - org.leibnizcenter.pneu.comparison.Connection
TRACE findNext. visited: [[0, 1] tr1 -> pl1 [1, 1]], connections: [[1, 1] pl1 -> tr5 [1, 0]], node: [1, 1] pl1 -> tr5 [1, 0], remember: [] - org.leibnizcenter.pneu.comparison.Connection
TRACE ######################## New cycle - org.leibnizcenter.pneu.comparison.Comparison
TRACE source arc: [0, 1] tr1 -> pl1 [1, 1] - org.leibnizcenter.pneu.comparison.Comparison
TRACE target arc: [0, 1] tr1 -> pl1 [1, 2] - org.leibnizcenter.pneu.comparison.Comparison
TRACE the sources of the arcs have both a number of output > 0.. - org.leibnizcenter.pneu.comparison.Comparison
TRACE they have the same namer of output arcs - org.leibnizcenter.pneu.comparison.Comparison
TRACE findNext. visited: [], connections: [[0, 1] tr1 -> pl1 [1, 1], [1, 1] pl1 -> tr5 [1, 0]], node: [0, 1] tr1 -> pl1 [1, 1], remember: [] - org.leibnizcenter.pneu.comparison.Connection
TRACE findNext. visited: [], connections: [[0, 1] tr1 -> pl1 [1, 2], [1, 2] pl1 -> tr5 [1, 0], [1, 2] pl1 -> tr6 [1, 0]], node: [0, 1] tr1 -> pl1 [1, 2], remember: [] - org.leibnizcenter.pneu.comparison.Connection
TRACE ######################## New cycle - org.leibnizcenter.pneu.comparison.Comparison
TRACE source arc: [1, 1] pl1 -> tr5 [1, 0] - org.leibnizcenter.pneu.comparison.Comparison
TRACE target arc: [1, 2] pl1 -> tr6 [1, 0] - org.leibnizcenter.pneu.comparison.Comparison
TRACE the sources of the arcs have both a number of output > 0.. - org.leibnizcenter.pneu.comparison.Comparison
TRACE the first has less outputs than the second, I remove from the second - org.leibnizcenter.pneu.comparison.Comparison
TRACE ######################## New cycle - org.leibnizcenter.pneu.comparison.Comparison
TRACE source arc: [0, 1] tr1 -> pl1 [1, 1] - org.leibnizcenter.pneu.comparison.Comparison
TRACE target arc: [0, 1] tr1 -> pl1 [1, 2] - org.leibnizcenter.pneu.comparison.Comparison
TRACE the sources of the arcs have both a number of output > 0.. - org.leibnizcenter.pneu.comparison.Comparison
TRACE they have the same namer of output arcs - org.leibnizcenter.pneu.comparison.Comparison
TRACE findNext. visited: [], connections: [[0, 1] tr1 -> pl1 [1, 1], [1, 1] pl1 -> tr5 [1, 0]], node: [0, 1] tr1 -> pl1 [1, 1], remember: [] - org.leibnizcenter.pneu.comparison.Connection
TRACE findNext. visited: [], connections: [[0, 1] tr1 -> pl1 [1, 2], [1, 2] pl1 -> tr5 [1, 0], [1, 2] pl1 -> tr6 [1, 0]], node: [0, 1] tr1 -> pl1 [1, 2], remember: [] - org.leibnizcenter.pneu.comparison.Connection
TRACE ######################## New cycle - org.leibnizcenter.pneu.comparison.Comparison
TRACE source arc: [1, 1] pl1 -> tr5 [1, 0] - org.leibnizcenter.pneu.comparison.Comparison
TRACE target arc: [1, 2] pl1 -> tr6 [1, 0] - org.leibnizcenter.pneu.comparison.Comparison
TRACE the sources of the arcs have both a number of output > 0.. - org.leibnizcenter.pneu.comparison.Comparison
TRACE the first has less outputs than the second, I remove from the second - org.leibnizcenter.pneu.comparison.Comparison
TRACE ######################## New cycle - org.leibnizcenter.pneu.comparison.Comparison
TRACE source arc: [0, 1] tr1 -> pl1 [1, 1] - org.leibnizcenter.pneu.comparison.Comparison
TRACE target arc: [0, 1] tr1 -> pl1 [1, 2] - org.leibnizcenter.pneu.comparison.Comparison
TRACE the sources of the arcs have both a number of output > 0.. - org.leibnizcenter.pneu.comparison.Comparison
TRACE they have the same number of output arcs - org.leibnizcenter.pneu.comparison.Comparison
TRACE findNext. visited: [], connections: [[0, 1] tr1 -> pl1 [1, 1], [1, 1] pl1 -> tr5 [1, 0]], node: [0, 1] tr1 -> pl1 [1, 1], remember: [] - org.leibnizcenter.pneu.comparison.Connection
TRACE findNext. visited: [], connections: [[0, 1] tr1 -> pl1 [1, 2], [1, 2] pl1 -> tr5 [1, 0], [1, 2] pl1 -> tr6 [1, 0]], node: [0, 1] tr1 -> pl1 [1, 2], remember: [] - org.leibnizcenter.pneu.comparison.Connection
TRACE ######################## New cycle - org.leibnizcenter.pneu.comparison.Comparison
TRACE source arc: [1, 1] pl1 -> tr5 [1, 0] - org.leibnizcenter.pneu.comparison.Comparison
TRACE target arc: [1, 2] pl1 -> tr6 [1, 0] - org.leibnizcenter.pneu.comparison.Comparison
TRACE the sources of the arcs have both a number of output > 0.. - org.leibnizcenter.pneu.comparison.Comparison
TRACE the first has less outputs than the second, I remove from the second - org.leibnizcenter.pneu.comparison.Comparison
TRACE ######################## New cycle - org.leibnizcenter.pneu.comparison.Comparison
TRACE source arc: tr1{0, 1} -> pl1{1, 1} - org.leibnizcenter.pneu.comparison.Comparison
TRACE target arc: tr1{0, 1} -> pl1{1, 2} - org.leibnizcenter.pneu.comparison.Comparison
TRACE the sources of the arcs have both a number of output > 0.. - org.leibnizcenter.pneu.comparison.Comparison
TRACE they have the same number of output arcs - org.leibnizcenter.pneu.comparison.Comparison
TRACE findNext. visited: [], connections: [tr1{0, 1} -> pl1{1, 1}, pl1{1, 1} -> tr5{1, 0}], node: tr1{0, 1} -> pl1{1, 1}, remember: [] - org.leibnizcenter.pneu.comparison.Connection
TRACE findNext. visited: [], connections: [tr1{0, 1} -> pl1{1, 2}, pl1{1, 2} -> tr5{1, 0}, pl1{1, 2} -> tr6{1, 0}], node: tr1{0, 1} -> pl1{1, 2}, remember: [] - org.leibnizcenter.pneu.comparison.Connection
TRACE ######################## New cycle - org.leibnizcenter.pneu.comparison.Comparison
TRACE source arc: pl1{1, 1} -> tr5{1, 0} - org.leibnizcenter.pneu.comparison.Comparison
TRACE target arc: pl1{1, 2} -> tr6{1, 0} - org.leibnizcenter.pneu.comparison.Comparison
TRACE the sources of the arcs have both a number of output > 0.. - org.leibnizcenter.pneu.comparison.Comparison
TRACE the first has less outputs than the second, I remove from the second - org.leibnizcenter.pneu.comparison.Comparison
TRACE ######################## New cycle - org.leibnizcenter.pneu.comparison.Comparison
TRACE source arc: tr1{0,1} -> pl1{1,1} - org.leibnizcenter.pneu.comparison.Comparison
TRACE target arc: tr1{0,1} -> pl1{1,2} - org.leibnizcenter.pneu.comparison.Comparison
TRACE the sources of the arcs have both a number of output > 0.. - org.leibnizcenter.pneu.comparison.Comparison
TRACE they have the same number of output arcs - org.leibnizcenter.pneu.comparison.Comparison
TRACE findNext. visited: [], connections: [tr1{0,1} -> pl1{1,1}, pl1{1,1} -> tr5{1,0}], node: tr1{0,1} -> pl1{1,1}, remember: [] - org.leibnizcenter.pneu.comparison.Connection
TRACE findNext. visited: [], connections: [tr1{0,1} -> pl1{1,2}, pl1{1,2} -> tr5{1,0}, pl1{1,2} -> tr6{1,0}], node: tr1{0,1} -> pl1{1,2}, remember: [] - org.leibnizcenter.pneu.comparison.Connection
TRACE ######################## New cycle - org.leibnizcenter.pneu.comparison.Comparison
TRACE source arc: pl1{1,1} -> tr5{1,0} - org.leibnizcenter.pneu.comparison.Comparison
TRACE target arc: pl1{1,2} -> tr6{1,0} - org.leibnizcenter.pneu.comparison.Comparison
TRACE the sources of the arcs have both a number of output > 0.. - org.leibnizcenter.pneu.comparison.Comparison
TRACE the first has less outputs than the second, I remove from the second - org.leibnizcenter.pneu.comparison.Comparison
TRACE ######################## New cycle - org.leibnizcenter.pneu.comparison.Comparison
TRACE source arc: tr1{0,1}-->pl1{1,1} - org.leibnizcenter.pneu.comparison.Comparison
TRACE target arc: tr1{0,1}-->pl1{1,2} - org.leibnizcenter.pneu.comparison.Comparison
TRACE the sources of the arcs have both a number of output > 0.. - org.leibnizcenter.pneu.comparison.Comparison
TRACE they have the same number of output arcs - org.leibnizcenter.pneu.comparison.Comparison
TRACE findNext. visited: [], connections: [tr1{0,1}-->pl1{1,1}, pl1{1,1}-->tr5{1,0}], node: tr1{0,1}-->pl1{1,1}, remember: [] - org.leibnizcenter.pneu.comparison.Connection
TRACE findNext. visited: [], connections: [tr1{0,1}-->pl1{1,2}, pl1{1,2}-->tr5{1,0}, pl1{1,2}-->tr6{1,0}], node: tr1{0,1}-->pl1{1,2}, remember: [] - org.leibnizcenter.pneu.comparison.Connection
TRACE ######################## New cycle - org.leibnizcenter.pneu.comparison.Comparison
TRACE source arc: pl1{1,1}-->tr5{1,0} - org.leibnizcenter.pneu.comparison.Comparison
TRACE target arc: pl1{1,2}-->tr6{1,0} - org.leibnizcenter.pneu.comparison.Comparison
TRACE the sources of the arcs have both a number of output > 0.. - org.leibnizcenter.pneu.comparison.Comparison
TRACE the first has less outputs than the second, I remove from the second - org.leibnizcenter.pneu.comparison.Comparison
TRACE ######################## New cycle - org.leibnizcenter.pneu.comparison.Comparison
TRACE source arc: tr1{0,1}->pl1{1,1} - org.leibnizcenter.pneu.comparison.Comparison
TRACE target arc: tr1{0,1}->pl1{1,2} - org.leibnizcenter.pneu.comparison.Comparison
TRACE the sources of the arcs have both a number of output > 0.. - org.leibnizcenter.pneu.comparison.Comparison
TRACE they have the same number of output arcs - org.leibnizcenter.pneu.comparison.Comparison
TRACE findNext. visited: [], connections: [tr1{0,1}->pl1{1,1}, pl1{1,1}->tr5{1,0}], node: tr1{0,1}->pl1{1,1}, remember: [] - org.leibnizcenter.pneu.comparison.Connection
TRACE findNext. visited: [], connections: [tr1{0,1}->pl1{1,2}, pl1{1,2}->tr5{1,0}, pl1{1,2}->tr6{1,0}], node: tr1{0,1}->pl1{1,2}, remember: [] - org.leibnizcenter.pneu.comparison.Connection
TRACE ######################## New cycle - org.leibnizcenter.pneu.comparison.Comparison
TRACE source arc: pl1{1,1}->tr5{1,0} - org.leibnizcenter.pneu.comparison.Comparison
TRACE target arc: pl1{1,2}->tr6{1,0} - org.leibnizcenter.pneu.comparison.Comparison
TRACE the sources of the arcs have both a number of output > 0.. - org.leibnizcenter.pneu.comparison.Comparison
TRACE the first has less outputs than the second, I remove from the second - org.leibnizcenter.pneu.comparison.Comparison
TRACE ######################## New cycle - org.leibnizcenter.pneu.comparison.Comparison
TRACE source arc: tr1{0,1}->pl1{1,1} - org.leibnizcenter.pneu.comparison.Comparison
TRACE target arc: tr1{0,1}->pl1{1,2} - org.leibnizcenter.pneu.comparison.Comparison
TRACE the sources of the arcs have both a number of output > 0.. - org.leibnizcenter.pneu.comparison.Comparison
TRACE they have the same number of output arcs - org.leibnizcenter.pneu.comparison.Comparison
TRACE findNext. visited: [], connections: [tr1{0,1}->pl1{1,1}, pl1{1,1}->tr5{1,0}], node: tr1{0,1}->pl1{1,1}, remember: [] - org.leibnizcenter.pneu.comparison.Connection
TRACE findNext. visited: [], connections: [tr1{0,1}->pl1{1,2}, pl1{1,2}->tr5{1,0}, pl1{1,2}->tr6{1,0}], node: tr1{0,1}->pl1{1,2}, remember: [] - org.leibnizcenter.pneu.comparison.Connection
TRACE ######################## New cycle - org.leibnizcenter.pneu.comparison.Comparison
TRACE source arc: pl1{1,1}->tr5{1,0} - org.leibnizcenter.pneu.comparison.Comparison
TRACE target arc: pl1{1,2}->tr6{1,0} - org.leibnizcenter.pneu.comparison.Comparison
TRACE the sources of the arcs have both a number of output > 0.. - org.leibnizcenter.pneu.comparison.Comparison
TRACE the first has less outputs than the second, I remove from the second - org.leibnizcenter.pneu.comparison.Comparison
TRACE findNext. visited: [tr1{0,1}->pl1{1,1}], connections: [pl1{1,1}->tr5{1,0}], node: pl1{1,1}->tr5{1,0}, remember: [] - org.leibnizcenter.pneu.comparison.Connection
TRACE findNext. visited: [tr1{0,1}->pl1{1,2}, pl1{1,1}->tr5{1,0}], connections: [pl1{1,1}->tr6{1,0}], node: pl1{1,1}->tr6{1,0}, remember: [] - org.leibnizcenter.pneu.comparison.Connection
TRACE ######################## New cycle - org.leibnizcenter.pneu.comparison.Comparison
TRACE source arc: tr1{0,1}->pl1{1,1} - org.leibnizcenter.pneu.comparison.Comparison
TRACE target arc: tr1{0,1}->pl1{1,2} - org.leibnizcenter.pneu.comparison.Comparison
TRACE the sources of the arcs have both a number of output > 0.. - org.leibnizcenter.pneu.comparison.Comparison
TRACE they have the same number of output arcs at the source - org.leibnizcenter.pneu.comparison.Comparison
TRACE findNext. visited: [], connections: [tr1{0,1}->pl1{1,1}, pl1{1,1}->tr5{1,0}], node: tr1{0,1}->pl1{1,1}, remember: [] - org.leibnizcenter.pneu.comparison.Connection
TRACE findNext. visited: [], connections: [tr1{0,1}->pl1{1,2}, pl1{1,2}->tr5{1,0}, pl1{1,2}->tr6{1,0}], node: tr1{0,1}->pl1{1,2}, remember: [] - org.leibnizcenter.pneu.comparison.Connection
TRACE ######################## New cycle - org.leibnizcenter.pneu.comparison.Comparison
TRACE source arc: pl1{1,1}->tr5{1,0} - org.leibnizcenter.pneu.comparison.Comparison
TRACE target arc: pl1{1,2}->tr6{1,0} - org.leibnizcenter.pneu.comparison.Comparison
TRACE the sources of the arcs have both a number of output > 0.. - org.leibnizcenter.pneu.comparison.Comparison
TRACE the first has less outputs than the second on the source, I remove from the second - org.leibnizcenter.pneu.comparison.Comparison
TRACE findNext. visited: [tr1{0,1}->pl1{1,1}], connections: [pl1{1,1}->tr5{1,0}], node: pl1{1,1}->tr5{1,0}, remember: [] - org.leibnizcenter.pneu.comparison.Connection
TRACE findNext. visited: [tr1{0,1}->pl1{1,2}, pl1{1,1}->tr5{1,0}], connections: [pl1{1,1}->tr6{1,0}], node: pl1{1,1}->tr6{1,0}, remember: [] - org.leibnizcenter.pneu.comparison.Connection
TRACE ######################## New cycle - org.leibnizcenter.pneu.comparison.Comparison
TRACE source arc: tr1{0,1}->pl1{1,1} - org.leibnizcenter.pneu.comparison.Comparison
TRACE target arc: tr1{0,1}->pl1{1,2} - org.leibnizcenter.pneu.comparison.Comparison
TRACE the sources of the arcs have both a number of output > 0.. - org.leibnizcenter.pneu.comparison.Comparison
TRACE they have the same number of output arcs at the source - org.leibnizcenter.pneu.comparison.Comparison
TRACE findNext. visited: [], connections: [tr1{0,1}->pl1{1,1}, pl1{1,1}->tr5{1,0}], node: tr1{0,1}->pl1{1,1}, remember: [] - org.leibnizcenter.pneu.comparison.Connection
TRACE findNext. visited: [], connections: [tr1{0,1}->pl1{1,2}, pl1{1,2}->tr5{1,0}, pl1{1,2}->tr6{1,0}], node: tr1{0,1}->pl1{1,2}, remember: [] - org.leibnizcenter.pneu.comparison.Connection
TRACE ######################## New cycle - org.leibnizcenter.pneu.comparison.Comparison
TRACE source arc: pl1{1,1}->tr5{1,0} - org.leibnizcenter.pneu.comparison.Comparison
TRACE target arc: pl1{1,2}->tr6{1,0} - org.leibnizcenter.pneu.comparison.Comparison
TRACE the sources of the arcs have both a number of output > 0.. - org.leibnizcenter.pneu.comparison.Comparison
TRACE the first has less outputs than the second on the source, I remove from the second - org.leibnizcenter.pneu.comparison.Comparison
TRACE findNext. visited: [tr1{0,1}->pl1{1,1}], connections: [pl1{1,1}->tr5{1,0}], node: pl1{1,1}->tr5{1,0}, remember: [] - org.leibnizcenter.pneu.comparison.Connection
TRACE findNext. visited: [tr1{0,1}->pl1{1,2}, pl1{1,1}->tr5{1,0}], connections: [pl1{1,1}->tr6{1,0}], node: pl1{1,1}->tr6{1,0}, remember: [] - org.leibnizcenter.pneu.comparison.Connection
TRACE ######################## New cycle - org.leibnizcenter.pneu.comparison.Comparison
TRACE source arc: tr1{0,1}->pl1{1,1} - org.leibnizcenter.pneu.comparison.Comparison
TRACE target arc: tr1{0,1}->pl1{1,2} - org.leibnizcenter.pneu.comparison.Comparison
TRACE the sources of the arcs have both a number of output > 0.. - org.leibnizcenter.pneu.comparison.Comparison
TRACE they have the same number of output arcs at the source - org.leibnizcenter.pneu.comparison.Comparison
TRACE findNext. visited: [], connections: [tr1{0,1}->pl1{1,1}, pl1{1,1}->tr5{1,0}], node: tr1{0,1}->pl1{1,1}, remember: [] - org.leibnizcenter.pneu.comparison.Connection
TRACE findNext. visited: [], connections: [tr1{0,1}->pl1{1,2}, pl1{1,2}->tr5{1,0}, pl1{1,2}->tr6{1,0}], node: tr1{0,1}->pl1{1,2}, remember: [] - org.leibnizcenter.pneu.comparison.Connection
TRACE ######################## New cycle - org.leibnizcenter.pneu.comparison.Comparison
TRACE source arc: pl1{1,1}->tr5{1,0} - org.leibnizcenter.pneu.comparison.Comparison
TRACE target arc: pl1{1,2}->tr6{1,0} - org.leibnizcenter.pneu.comparison.Comparison
TRACE the sources of the arcs have both a number of output > 0.. - org.leibnizcenter.pneu.comparison.Comparison
TRACE the first has less outputs than the second on the source, I remove from the second - org.leibnizcenter.pneu.comparison.Comparison
TRACE findNext. visited: [tr1{0,1}->pl1{1,1}], connections: [pl1{1,1}->tr5{1,0}], node: pl1{1,1}->tr5{1,0}, remember: [] - org.leibnizcenter.pneu.comparison.Connection
TRACE findNext. visited: [tr1{0,1}->pl1{1,2}, pl1{1,1}->tr5{1,0}], connections: [pl1{1,1}->tr6{1,0}], node: pl1{1,1}->tr6{1,0}, remember: [] - org.leibnizcenter.pneu.comparison.Connection
TRACE ######################## New cycle - org.leibnizcenter.pneu.comparison.Comparison
TRACE source arc: tr1{0,1}->pl1{1,1} - org.leibnizcenter.pneu.comparison.Comparison
TRACE target arc: tr1{0,1}->pl1{1,2} - org.leibnizcenter.pneu.comparison.Comparison
TRACE the sources of the arcs have both a number of output > 0.. - org.leibnizcenter.pneu.comparison.Comparison
TRACE they have the same number of output arcs at the source - org.leibnizcenter.pneu.comparison.Comparison
TRACE findNext. visited: [], connections: [tr1{0,1}->pl1{1,1}, pl1{1,1}->tr5{1,0}], node: tr1{0,1}->pl1{1,1}, remember: [] - org.leibnizcenter.pneu.comparison.Connection
TRACE findNext. visited: [], connections: [tr1{0,1}->pl1{1,2}, pl1{1,2}->tr5{1,0}, pl1{1,2}->tr6{1,0}], node: tr1{0,1}->pl1{1,2}, remember: [] - org.leibnizcenter.pneu.comparison.Connection
TRACE ######################## New cycle - org.leibnizcenter.pneu.comparison.Comparison
TRACE source arc: pl1{1,1}->tr5{1,0} - org.leibnizcenter.pneu.comparison.Comparison
TRACE target arc: pl1{1,2}->tr6{1,0} - org.leibnizcenter.pneu.comparison.Comparison
TRACE the sources of the arcs have both a number of output > 0.. - org.leibnizcenter.pneu.comparison.Comparison
TRACE the first has less outputs than the second on the source, I remove from the second - org.leibnizcenter.pneu.comparison.Comparison
TRACE findNext. visited: [tr1{0,1}->pl1{1,1}], connections: [pl1{1,1}->tr5{1,0}], node: pl1{1,1}->tr5{1,0}, remember: [] - org.leibnizcenter.pneu.comparison.Connection
TRACE findNext. visited: [tr1{0,1}->pl1{1,2}, pl1{1,1}->tr5{1,0}], connections: [pl1{1,1}->tr6{1,0}], node: pl1{1,1}->tr6{1,0}, remember: [] - org.leibnizcenter.pneu.comparison.Connection
TRACE ######################## New cycle - org.leibnizcenter.pneu.comparison.Comparison
TRACE source arc: tr1{0,1}->pl1{1,1} - org.leibnizcenter.pneu.comparison.Comparison
TRACE target arc: tr1{0,1}->pl1{1,2} - org.leibnizcenter.pneu.comparison.Comparison
TRACE the sources of the arcs have both a number of output > 0.. - org.leibnizcenter.pneu.comparison.Comparison
TRACE they have the same number of output arcs at the source - org.leibnizcenter.pneu.comparison.Comparison
TRACE findNext. visited: [], connections: [tr1{0,1}->pl1{1,1}, pl1{1,1}->tr5{1,0}], node: tr1{0,1}->pl1{1,1}, remember: [] - org.leibnizcenter.pneu.comparison.Connection
TRACE findNext. visited: [], connections: [tr1{0,1}->pl1{1,2}, pl1{1,2}->tr5{1,0}, pl1{1,2}->tr6{1,0}], node: tr1{0,1}->pl1{1,2}, remember: [] - org.leibnizcenter.pneu.comparison.Connection
TRACE ######################## New cycle - org.leibnizcenter.pneu.comparison.Comparison
TRACE source arc: pl1{1,1}->tr5{1,0} - org.leibnizcenter.pneu.comparison.Comparison
TRACE target arc: pl1{1,2}->tr6{1,0} - org.leibnizcenter.pneu.comparison.Comparison
TRACE the sources of the arcs have both a number of output > 0.. - org.leibnizcenter.pneu.comparison.Comparison
TRACE the first has less outputs than the second on the source, I remove from the second - org.leibnizcenter.pneu.comparison.Comparison
TRACE findNext. visited: [tr1{0,1}->pl1{1,1}], connections: [pl1{1,1}->tr5{1,0}], node: pl1{1,1}->tr5{1,0}, remember: [] - org.leibnizcenter.pneu.comparison.Connection
TRACE findNext. visited: [tr1{0,1}->pl1{1,2}, pl1{1,1}->tr5{1,0}], connections: [pl1{1,1}->tr6{1,0}], node: pl1{1,1}->tr6{1,0}, remember: [] - org.leibnizcenter.pneu.comparison.Connection
